<?xml version="1.0" encoding="UTF-8"?>
<!-- Generated by org.testng.reporters.JUnitReportReporter -->
<testsuite hostname="LAPTOP-A31ORA8J" failures="0" tests="2" name="com.herokuapp.restfulbooker.HealthCheckTest" time="2.004" errors="0" timestamp="2023-05-13T10:43:38 PDT" skipped="0">
  <testcase classname="com.herokuapp.restfulbooker.HealthCheckTest" name="headersAndCookiesTest" time="1.584"/>
  <system-out/>
  <testcase classname="com.herokuapp.restfulbooker.HealthCheckTest" name="healthCheckTest" time="0.420"/>
  <system-out/>
</testsuite> <!-- com.herokuapp.restfulbooker.HealthCheckTest -->
