<?xml version="1.0" encoding="UTF-8"?>
<!-- Generated by org.testng.reporters.JUnitReportReporter -->
<testsuite hostname="LAPTOP-A31ORA8J" failures="0" tests="2" name="com.herokuapp.restfulbooker.CreateBookingTest" time="1.989" errors="0" timestamp="2023-05-13T11:34:52 PDT" skipped="1">
  <testcase classname="com.herokuapp.restfulbooker.CreateBookingTest" name="createBookingWithPOJOTest" time="1.989"/>
  <system-out/>
  <testcase classname="com.herokuapp.restfulbooker.CreateBookingTest" name="createBookingTest">
    <skipped/>
  </testcase> <!-- createBookingTest -->
  <system-out/>
</testsuite> <!-- com.herokuapp.restfulbooker.CreateBookingTest -->
