<?xml version="1.0" encoding="UTF-8"?>
<!-- Generated by org.testng.reporters.JUnitReportReporter -->
<testsuite hostname="LAPTOP-A31ORA8J" failures="0" tests="2" name="com.herokuapp.restfulbooker.GetBookingIDsTests" time="2.783" errors="0" timestamp="2023-05-13T10:24:51 PDT" skipped="0">
  <testcase classname="com.herokuapp.restfulbooker.GetBookingIDsTests" name="getBookingIdsWithoutFilterTest" time="1.997"/>
  <system-out/>
  <testcase classname="com.herokuapp.restfulbooker.GetBookingIDsTests" name="getBooknigIdsWithFilterTest" time="0.786"/>
  <system-out/>
</testsuite> <!-- com.herokuapp.restfulbooker.GetBookingIDsTests -->
