<?xml version="1.0" encoding="UTF-8"?>
<!-- Generated by org.testng.reporters.JUnitReportReporter -->
<testsuite hostname="LAPTOP-A31ORA8J" failures="0" tests="1" name="com.herokuapp.restfulbooker.PartialUpdateBookingTest" time="2.684" errors="0" timestamp="2023-05-12T18:06:54 PDT" skipped="0">
  <testcase classname="com.herokuapp.restfulbooker.PartialUpdateBookingTest" name="partialUpdateBookingTest" time="2.684"/>
  <system-out/>
</testsuite> <!-- com.herokuapp.restfulbooker.PartialUpdateBookingTest -->
