<?xml version="1.0" encoding="UTF-8"?>
<!-- Generated by org.testng.reporters.JUnitReportReporter -->
<testsuite hostname="LAPTOP-A31ORA8J" failures="0" tests="1" name="com.herokuapp.restfulbooker.UpdateBookingTest" time="2.631" errors="0" timestamp="2023-05-12T18:44:11 PDT" skipped="0">
  <testcase classname="com.herokuapp.restfulbooker.UpdateBookingTest" name="updateBookingTest" time="2.631"/>
  <system-out/>
</testsuite> <!-- com.herokuapp.restfulbooker.UpdateBookingTest -->
