<?xml version="1.0" encoding="UTF-8"?>
<!-- Generated by org.testng.reporters.JUnitReportReporter -->
<testsuite hostname="LAPTOP-A31ORA8J" failures="0" tests="1" name="com.herokuapp.restfulbooker.DeleteBookingTest" time="3.100" errors="0" timestamp="2023-05-12T18:18:35 PDT" skipped="0">
  <testcase classname="com.herokuapp.restfulbooker.DeleteBookingTest" name="deleteBookingTest" time="3.100"/>
  <system-out/>
</testsuite> <!-- com.herokuapp.restfulbooker.DeleteBookingTest -->
