<?xml version="1.0" encoding="UTF-8"?>
<!-- Generated by org.testng.reporters.JUnitReportReporter -->
<testsuite hostname="LAPTOP-A31ORA8J" failures="0" tests="2" name="com.herokuapp.restfulbooker.GetBookingTests" time="2.661" errors="0" timestamp="2023-05-13T10:56:18 PDT" skipped="1">
  <testcase classname="com.herokuapp.restfulbooker.GetBookingTests" name="getBookingXMLTest" time="2.661"/>
  <system-out/>
  <testcase classname="com.herokuapp.restfulbooker.GetBookingTests" name="getBookingTest">
    <skipped/>
  </testcase> <!-- getBookingTest -->
  <system-out/>
</testsuite> <!-- com.herokuapp.restfulbooker.GetBookingTests -->
